[2017-04-21 12:37:56] main.CRITICAL: Magento\Framework\Exception\AlreadyExistsException: URL key for specified store already exists. in /opt/lampp/htdocs/magestore/vendor/magento/module-url-rewrite/Model/Storage/AbstractStorage.php:85
Stack trace:
#0 /opt/lampp/htdocs/magestore/vendor/magento/framework/Interception/Interceptor.php(74): Magento\UrlRewrite\Model\Storage\AbstractStorage->replace(Array)
#1 /opt/lampp/htdocs/magestore/vendor/magento/framework/Interception/Chain/Chain.php(70): Magento\UrlRewrite\Model\Storage\DbStorage\Interceptor->___callParent('replace', Array)
#2 /opt/lampp/htdocs/magestore/vendor/magento/framework/Interception/Interceptor.php(138): Magento\Framework\Interception\Chain\Chain->invokeNext('Magento\\UrlRewr...', 'replace', Object(Magento\UrlRewrite\Model\Storage\DbStorage\Interceptor), Array, 'storage_plugin')
#3 /opt/lampp/htdocs/magestore/vendor/magento/module-catalog-url-rewrite/Model/Category/Plugin/Storage.php(43): Magento\UrlRewrite\Model\Storage\DbStorage\Interceptor->Magento\Framework\Interception\{closure}(Array)
#4 /opt/lampp/htdocs/magestore/vendor/magento/framework/Interception/Interceptor.php(142): Magento\CatalogUrlRewrite\Model\Category\Plugin\Storage->aroundReplace(Object(Magento\UrlRewrite\Model\Storage\DbStorage\Interceptor), Object(Closure), Array)
#5 /opt/lampp/htdocs/magestore/var/generation/Magento/UrlRewrite/Model/Storage/DbStorage/Interceptor.php(65): Magento\UrlRewrite\Model\Storage\DbStorage\Interceptor->___callPlugins('replace', Array, Array)
#6 /opt/lampp/htdocs/magestore/vendor/magento/module-catalog-url-rewrite/Observer/CategoryProcessUrlRewriteSavingObserver.php(60): Magento\UrlRewrite\Model\Storage\DbStorage\Interceptor->replace(Array)
#7 /opt/lampp/htdocs/magestore/vendor/magento/framework/Event/Invoker/InvokerDefault.php(73): Magento\CatalogUrlRewrite\Observer\CategoryProcessUrlRewriteSavingObserver->execute(Object(Magento\Framework\Event\Observer))
#8 /opt/lampp/htdocs/magestore/vendor/magento/framework/Event/Invoker/InvokerDefault.php(61): Magento\Framework\Event\Invoker\InvokerDefault->_callObserverMethod(Object(Magento\CatalogUrlRewrite\Observer\CategoryProcessUrlRewriteSavingObserver), Object(Magento\Framework\Event\Observer))
#9 /opt/lampp/htdocs/magestore/vendor/magento/framework/Event/Manager.php(66): Magento\Framework\Event\Invoker\InvokerDefault->dispatch(Array, Object(Magento\Framework\Event\Observer))
#10 /opt/lampp/htdocs/magestore/var/generation/Magento/Framework/Event/Manager/Proxy.php(95): Magento\Framework\Event\Manager->dispatch('catalog_categor...', Array)
#11 /opt/lampp/htdocs/magestore/vendor/magento/framework/Model/AbstractModel.php(802): Magento\Framework\Event\Manager\Proxy->dispatch('catalog_categor...', Array)
#12 /opt/lampp/htdocs/magestore/vendor/magento/module-catalog/Model/Category.php(1077): Magento\Framework\Model\AbstractModel->afterSave()
#13 /opt/lampp/htdocs/magestore/var/generation/Magento/Catalog/Model/Category/Interceptor.php(583): Magento\Catalog\Model\Category->afterSave()
#14 /opt/lampp/htdocs/magestore/vendor/magento/framework/EntityManager/Observer/AfterEntitySave.php(34): Magento\Catalog\Model\Category\Interceptor->afterSave()
#15 /opt/lampp/htdocs/magestore/vendor/magento/framework/Event/Invoker/InvokerDefault.php(73): Magento\Framework\EntityManager\Observer\AfterEntitySave->execute(Object(Magento\Framework\Event\Observer))
#16 /opt/lampp/htdocs/magestore/vendor/magento/framework/Event/Invoker/InvokerDefault.php(61): Magento\Framework\Event\Invoker\InvokerDefault->_callObserverMethod(Object(Magento\Framework\EntityManager\Observer\AfterEntitySave), Object(Magento\Framework\Event\Observer))
#17 /opt/lampp/htdocs/magestore/vendor/magento/framework/Event/Manager.php(66): Magento\Framework\Event\Invoker\InvokerDefault->dispatch(Array, Object(Magento\Framework\Event\Observer))
#18 /opt/lampp/htdocs/magestore/var/generation/Magento/Framework/Event/Manager/Proxy.php(95): Magento\Framework\Event\Manager->dispatch('magento_catalog...', Array)
#19 /opt/lampp/htdocs/magestore/vendor/magento/framework/EntityManager/EventManager.php(51): Magento\Framework\Event\Manager\Proxy->dispatch('magento_catalog...', Array)
#20 /opt/lampp/htdocs/magestore/vendor/magento/framework/EntityManager/Operation/Update.php(108): Magento\Framework\EntityManager\EventManager->dispatchEntityEvent('Magento\\Catalog...', 'save_after', Array)
#21 /opt/lampp/htdocs/magestore/vendor/magento/framework/EntityManager/EntityManager.php(87): Magento\Framework\EntityManager\Operation\Update->execute(Object(Magento\Catalog\Model\Category\Interceptor), Array)
#22 /opt/lampp/htdocs/magestore/vendor/magento/module-catalog/Model/ResourceModel/Category.php(1027): Magento\Framework\EntityManager\EntityManager->save(Object(Magento\Catalog\Model\Category\Interceptor))
#23 /opt/lampp/htdocs/magestore/vendor/magento/framework/Interception/Interceptor.php(74): Magento\Catalog\Model\ResourceModel\Category->save(Object(Magento\Catalog\Model\Category\Interceptor))
#24 /opt/lampp/htdocs/magestore/vendor/magento/framework/Interception/Chain/Chain.php(70): Magento\Catalog\Model\ResourceModel\Category\Interceptor->___callParent('save', Array)
#25 /opt/lampp/htdocs/magestore/vendor/magento/framework/Interception/Chain/Chain.php(63): Magento\Framework\Interception\Chain\Chain->invokeNext('Magento\\Catalog...', 'save', Object(Magento\Catalog\Model\ResourceModel\Category\Interceptor), Array, 'catalogsearchFu...')
#26 /opt/lampp/htdocs/magestore/vendor/magento/module-catalog-search/Model/Indexer/Fulltext/Plugin/Category.php(43): Magento\Framework\Interception\Chain\Chain->Magento\Framework\Interception\Chain\{closure}(Object(Magento\Catalog\Model\Category\Interceptor))
#27 /opt/lampp/htdocs/magestore/vendor/magento/module-catalog-search/Model/Indexer/Fulltext/Plugin/Category.php(29): Magento\CatalogSearch\Model\Indexer\Fulltext\Plugin\Category->addCommitCallback(Object(Magento\Catalog\Model\ResourceModel\Category\Interceptor), Object(Closure), Object(Magento\Catalog\Model\Category\Interceptor))
#28 /opt/lampp/htdocs/magestore/vendor/magento/framework/Interception/Chain/Chain.php(67): Magento\CatalogSearch\Model\Indexer\Fulltext\Plugin\Category->aroundSave(Object(Magento\Catalog\Model\ResourceModel\Category\Interceptor), Object(Closure), Object(Magento\Catalog\Model\Category\Interceptor))
#29 /opt/lampp/htdocs/magestore/vendor/magento/framework/Interception/Interceptor.php(138): Magento\Framework\Interception\Chain\Chain->invokeNext('Magento\\Catalog...', 'save', Object(Magento\Catalog\Model\ResourceModel\Category\Interceptor), Array, 'clean_cache')
#30 /opt/lampp/htdocs/magestore/vendor/magento/framework/App/Cache/FlushCacheByTags.php(71): Magento\Catalog\Model\ResourceModel\Category\Interceptor->Magento\Framework\Interception\{closure}(Object(Magento\Catalog\Model\Category\Interceptor))
#31 /opt/lampp/htdocs/magestore/vendor/magento/framework/Interception/Interceptor.php(142): Magento\Framework\App\Cache\FlushCacheByTags->aroundSave(Object(Magento\Catalog\Model\ResourceModel\Category\Interceptor), Object(Closure), Object(Magento\Catalog\Model\Category\Interceptor))
#32 /opt/lampp/htdocs/magestore/var/generation/Magento/Catalog/Model/ResourceModel/Category/Interceptor.php(364): Magento\Catalog\Model\ResourceModel\Category\Interceptor->___callPlugins('save', Array, Array)
#33 /opt/lampp/htdocs/magestore/vendor/magento/framework/Model/AbstractModel.php(631): Magento\Catalog\Model\ResourceModel\Category\Interceptor->save(Object(Magento\Catalog\Model\Category\Interceptor))
#34 /opt/lampp/htdocs/magestore/vendor/magento/framework/Interception/Interceptor.php(146): Magento\Framework\Model\AbstractModel->save()
#35 /opt/lampp/htdocs/magestore/var/generation/Magento/Catalog/Model/Category/Interceptor.php(1534): Magento\Catalog\Model\Category\Interceptor->___callPlugins('save', Array, Array)
#36 /opt/lampp/htdocs/magestore/vendor/magento/module-catalog/Controller/Adminhtml/Category/Save.php(203): Magento\Catalog\Model\Category\Interceptor->save()
#37 /opt/lampp/htdocs/magestore/var/generation/Magento/Catalog/Controller/Adminhtml/Category/Save/Interceptor.php(24): Magento\Catalog\Controller\Adminhtml\Category\Save->execute()
#38 /opt/lampp/htdocs/magestore/vendor/magento/framework/App/Action/Action.php(102): Magento\Catalog\Controller\Adminhtml\Category\Save\Interceptor->execute()
#39 /opt/lampp/htdocs/magestore/vendor/magento/module-backend/App/AbstractAction.php(226): Magento\Framework\App\Action\Action->dispatch(Object(Magento\Framework\App\Request\Http))
#40 /opt/lampp/htdocs/magestore/vendor/magento/framework/Interception/Interceptor.php(74): Magento\Backend\App\AbstractAction->dispatch(Object(Magento\Framework\App\Request\Http))
#41 /opt/lampp/htdocs/magestore/vendor/magento/framework/Interception/Chain/Chain.php(70): Magento\Catalog\Controller\Adminhtml\Category\Save\Interceptor->___callParent('dispatch', Array)
#42 /opt/lampp/htdocs/magestore/vendor/magento/framework/Interception/Chain/Chain.php(63): Magento\Framework\Interception\Chain\Chain->invokeNext('Magento\\Catalog...', 'dispatch', Object(Magento\Catalog\Controller\Adminhtml\Category\Save\Interceptor), Array, 'adminAuthentica...')
#43 /opt/lampp/htdocs/magestore/vendor/magento/module-backend/App/Action/Plugin/Authentication.php(143): Magento\Framework\Interception\Chain\Chain->Magento\Framework\Interception\Chain\{closure}(Object(Magento\Framework\App\Request\Http))
#44 /opt/lampp/htdocs/magestore/vendor/magento/framework/Interception/Chain/Chain.php(67): Magento\Backend\App\Action\Plugin\Authentication->aroundDispatch(Object(Magento\Catalog\Controller\Adminhtml\Category\Save\Interceptor), Object(Closure), Object(Magento\Framework\App\Request\Http))
#45 /opt/lampp/htdocs/magestore/vendor/magento/framework/Interception/Interceptor.php(138): Magento\Framework\Interception\Chain\Chain->invokeNext('Magento\\Catalog...', 'dispatch', Object(Magento\Catalog\Controller\Adminhtml\Category\Save\Interceptor), Array, 'adminMassaction...')
#46 /opt/lampp/htdocs/magestore/vendor/magento/module-backend/App/Action/Plugin/MassactionKey.php(33): Magento\Catalog\Controller\Adminhtml\Category\Save\Interceptor->Magento\Framework\Interception\{closure}(Object(Magento\Framework\App\Request\Http))
#47 /opt/lampp/htdocs/magestore/vendor/magento/framework/Interception/Interceptor.php(142): Magento\Backend\App\Action\Plugin\MassactionKey->aroundDispatch(Object(Magento\Catalog\Controller\Adminhtml\Category\Save\Interceptor), Object(Closure), Object(Magento\Framework\App\Request\Http))
#48 /opt/lampp/htdocs/magestore/var/generation/Magento/Catalog/Controller/Adminhtml/Category/Save/Interceptor.php(65): Magento\Catalog\Controller\Adminhtml\Category\Save\Interceptor->___callPlugins('dispatch', Array, Array)
#49 /opt/lampp/htdocs/magestore/vendor/magento/framework/App/FrontController.php(55): Magento\Catalog\Controller\Adminhtml\Category\Save\Interceptor->dispatch(Object(Magento\Framework\App\Request\Http))
#50 /opt/lampp/htdocs/magestore/vendor/magento/framework/Interception/Interceptor.php(74): Magento\Framework\App\FrontController->dispatch(Object(Magento\Framework\App\Request\Http))
#51 /opt/lampp/htdocs/magestore/vendor/magento/framework/Interception/Chain/Chain.php(70): Magento\Framework\App\FrontController\Interceptor->___callParent('dispatch', Array)
#52 /opt/lampp/htdocs/magestore/vendor/magento/framework/Interception/Interceptor.php(138): Magento\Framework\Interception\Chain\Chain->invokeNext('Magento\\Framewo...', 'dispatch', Object(Magento\Framework\App\FrontController\Interceptor), Array, 'install')
#53 /opt/lampp/htdocs/magestore/vendor/magento/framework/Module/Plugin/DbStatusValidator.php(69): Magento\Framework\App\FrontController\Interceptor->Magento\Framework\Interception\{closure}(Object(Magento\Framework\App\Request\Http))
#54 /opt/lampp/htdocs/magestore/vendor/magento/framework/Interception/Interceptor.php(142): Magento\Framework\Module\Plugin\DbStatusValidator->aroundDispatch(Object(Magento\Framework\App\FrontController\Interceptor), Object(Closure), Object(Magento\Framework\App\Request\Http))
#55 /opt/lampp/htdocs/magestore/var/generation/Magento/Framework/App/FrontController/Interceptor.php(26): Magento\Framework\App\FrontController\Interceptor->___callPlugins('dispatch', Array, Array)
#56 /opt/lampp/htdocs/magestore/vendor/magento/framework/App/Http.php(135): Magento\Framework\App\FrontController\Interceptor->dispatch(Object(Magento\Framework\App\Request\Http))
#57 /opt/lampp/htdocs/magestore/vendor/magento/framework/App/Bootstrap.php(258): Magento\Framework\App\Http->launch()
#58 /opt/lampp/htdocs/magestore/index.php(39): Magento\Framework\App\Bootstrap->run(Object(Magento\Framework\App\Http))
#59 {main} [] []
[2017-04-21 12:38:23] main.CRITICAL: Magento\Framework\Exception\AlreadyExistsException: URL key for specified store already exists. in /opt/lampp/htdocs/magestore/vendor/magento/module-url-rewrite/Model/Storage/AbstractStorage.php:85
Stack trace:
#0 /opt/lampp/htdocs/magestore/vendor/magento/framework/Interception/Interceptor.php(74): Magento\UrlRewrite\Model\Storage\AbstractStorage->replace(Array)
#1 /opt/lampp/htdocs/magestore/vendor/magento/framework/Interception/Chain/Chain.php(70): Magento\UrlRewrite\Model\Storage\DbStorage\Interceptor->___callParent('replace', Array)
#2 /opt/lampp/htdocs/magestore/vendor/magento/framework/Interception/Interceptor.php(138): Magento\Framework\Interception\Chain\Chain->invokeNext('Magento\\UrlRewr...', 'replace', Object(Magento\UrlRewrite\Model\Storage\DbStorage\Interceptor), Array, 'storage_plugin')
#3 /opt/lampp/htdocs/magestore/vendor/magento/module-catalog-url-rewrite/Model/Category/Plugin/Storage.php(43): Magento\UrlRewrite\Model\Storage\DbStorage\Interceptor->Magento\Framework\Interception\{closure}(Array)
#4 /opt/lampp/htdocs/magestore/vendor/magento/framework/Interception/Interceptor.php(142): Magento\CatalogUrlRewrite\Model\Category\Plugin\Storage->aroundReplace(Object(Magento\UrlRewrite\Model\Storage\DbStorage\Interceptor), Object(Closure), Array)
#5 /opt/lampp/htdocs/magestore/var/generation/Magento/UrlRewrite/Model/Storage/DbStorage/Interceptor.php(65): Magento\UrlRewrite\Model\Storage\DbStorage\Interceptor->___callPlugins('replace', Array, Array)
#6 /opt/lampp/htdocs/magestore/vendor/magento/module-catalog-url-rewrite/Observer/CategoryProcessUrlRewriteSavingObserver.php(60): Magento\UrlRewrite\Model\Storage\DbStorage\Interceptor->replace(Array)
#7 /opt/lampp/htdocs/magestore/vendor/magento/framework/Event/Invoker/InvokerDefault.php(73): Magento\CatalogUrlRewrite\Observer\CategoryProcessUrlRewriteSavingObserver->execute(Object(Magento\Framework\Event\Observer))
#8 /opt/lampp/htdocs/magestore/vendor/magento/framework/Event/Invoker/InvokerDefault.php(61): Magento\Framework\Event\Invoker\InvokerDefault->_callObserverMethod(Object(Magento\CatalogUrlRewrite\Observer\CategoryProcessUrlRewriteSavingObserver), Object(Magento\Framework\Event\Observer))
#9 /opt/lampp/htdocs/magestore/vendor/magento/framework/Event/Manager.php(66): Magento\Framework\Event\Invoker\InvokerDefault->dispatch(Array, Object(Magento\Framework\Event\Observer))
#10 /opt/lampp/htdocs/magestore/var/generation/Magento/Framework/Event/Manager/Proxy.php(95): Magento\Framework\Event\Manager->dispatch('catalog_categor...', Array)
#11 /opt/lampp/htdocs/magestore/vendor/magento/framework/Model/AbstractModel.php(802): Magento\Framework\Event\Manager\Proxy->dispatch('catalog_categor...', Array)
#12 /opt/lampp/htdocs/magestore/vendor/magento/module-catalog/Model/Category.php(1077): Magento\Framework\Model\AbstractModel->afterSave()
#13 /opt/lampp/htdocs/magestore/var/generation/Magento/Catalog/Model/Category/Interceptor.php(583): Magento\Catalog\Model\Category->afterSave()
#14 /opt/lampp/htdocs/magestore/vendor/magento/framework/EntityManager/Observer/AfterEntitySave.php(34): Magento\Catalog\Model\Category\Interceptor->afterSave()
#15 /opt/lampp/htdocs/magestore/vendor/magento/framework/Event/Invoker/InvokerDefault.php(73): Magento\Framework\EntityManager\Observer\AfterEntitySave->execute(Object(Magento\Framework\Event\Observer))
#16 /opt/lampp/htdocs/magestore/vendor/magento/framework/Event/Invoker/InvokerDefault.php(61): Magento\Framework\Event\Invoker\InvokerDefault->_callObserverMethod(Object(Magento\Framework\EntityManager\Observer\AfterEntitySave), Object(Magento\Framework\Event\Observer))
#17 /opt/lampp/htdocs/magestore/vendor/magento/framework/Event/Manager.php(66): Magento\Framework\Event\Invoker\InvokerDefault->dispatch(Array, Object(Magento\Framework\Event\Observer))
#18 /opt/lampp/htdocs/magestore/var/generation/Magento/Framework/Event/Manager/Proxy.php(95): Magento\Framework\Event\Manager->dispatch('magento_catalog...', Array)
#19 /opt/lampp/htdocs/magestore/vendor/magento/framework/EntityManager/EventManager.php(51): Magento\Framework\Event\Manager\Proxy->dispatch('magento_catalog...', Array)
#20 /opt/lampp/htdocs/magestore/vendor/magento/framework/EntityManager/Operation/Update.php(108): Magento\Framework\EntityManager\EventManager->dispatchEntityEvent('Magento\\Catalog...', 'save_after', Array)
#21 /opt/lampp/htdocs/magestore/vendor/magento/framework/EntityManager/EntityManager.php(87): Magento\Framework\EntityManager\Operation\Update->execute(Object(Magento\Catalog\Model\Category\Interceptor), Array)
#22 /opt/lampp/htdocs/magestore/vendor/magento/module-catalog/Model/ResourceModel/Category.php(1027): Magento\Framework\EntityManager\EntityManager->save(Object(Magento\Catalog\Model\Category\Interceptor))
#23 /opt/lampp/htdocs/magestore/vendor/magento/framework/Interception/Interceptor.php(74): Magento\Catalog\Model\ResourceModel\Category->save(Object(Magento\Catalog\Model\Category\Interceptor))
#24 /opt/lampp/htdocs/magestore/vendor/magento/framework/Interception/Chain/Chain.php(70): Magento\Catalog\Model\ResourceModel\Category\Interceptor->___callParent('save', Array)
#25 /opt/lampp/htdocs/magestore/vendor/magento/framework/Interception/Chain/Chain.php(63): Magento\Framework\Interception\Chain\Chain->invokeNext('Magento\\Catalog...', 'save', Object(Magento\Catalog\Model\ResourceModel\Category\Interceptor), Array, 'catalogsearchFu...')
#26 /opt/lampp/htdocs/magestore/vendor/magento/module-catalog-search/Model/Indexer/Fulltext/Plugin/Category.php(43): Magento\Framework\Interception\Chain\Chain->Magento\Framework\Interception\Chain\{closure}(Object(Magento\Catalog\Model\Category\Interceptor))
#27 /opt/lampp/htdocs/magestore/vendor/magento/module-catalog-search/Model/Indexer/Fulltext/Plugin/Category.php(29): Magento\CatalogSearch\Model\Indexer\Fulltext\Plugin\Category->addCommitCallback(Object(Magento\Catalog\Model\ResourceModel\Category\Interceptor), Object(Closure), Object(Magento\Catalog\Model\Category\Interceptor))
#28 /opt/lampp/htdocs/magestore/vendor/magento/framework/Interception/Chain/Chain.php(67): Magento\CatalogSearch\Model\Indexer\Fulltext\Plugin\Category->aroundSave(Object(Magento\Catalog\Model\ResourceModel\Category\Interceptor), Object(Closure), Object(Magento\Catalog\Model\Category\Interceptor))
#29 /opt/lampp/htdocs/magestore/vendor/magento/framework/Interception/Interceptor.php(138): Magento\Framework\Interception\Chain\Chain->invokeNext('Magento\\Catalog...', 'save', Object(Magento\Catalog\Model\ResourceModel\Category\Interceptor), Array, 'clean_cache')
#30 /opt/lampp/htdocs/magestore/vendor/magento/framework/App/Cache/FlushCacheByTags.php(71): Magento\Catalog\Model\ResourceModel\Category\Interceptor->Magento\Framework\Interception\{closure}(Object(Magento\Catalog\Model\Category\Interceptor))
#31 /opt/lampp/htdocs/magestore/vendor/magento/framework/Interception/Interceptor.php(142): Magento\Framework\App\Cache\FlushCacheByTags->aroundSave(Object(Magento\Catalog\Model\ResourceModel\Category\Interceptor), Object(Closure), Object(Magento\Catalog\Model\Category\Interceptor))
#32 /opt/lampp/htdocs/magestore/var/generation/Magento/Catalog/Model/ResourceModel/Category/Interceptor.php(364): Magento\Catalog\Model\ResourceModel\Category\Interceptor->___callPlugins('save', Array, Array)
#33 /opt/lampp/htdocs/magestore/vendor/magento/framework/Model/AbstractModel.php(631): Magento\Catalog\Model\ResourceModel\Category\Interceptor->save(Object(Magento\Catalog\Model\Category\Interceptor))
#34 /opt/lampp/htdocs/magestore/vendor/magento/framework/Interception/Interceptor.php(146): Magento\Framework\Model\AbstractModel->save()
#35 /opt/lampp/htdocs/magestore/var/generation/Magento/Catalog/Model/Category/Interceptor.php(1534): Magento\Catalog\Model\Category\Interceptor->___callPlugins('save', Array, Array)
#36 /opt/lampp/htdocs/magestore/vendor/magento/module-catalog/Controller/Adminhtml/Category/Save.php(203): Magento\Catalog\Model\Category\Interceptor->save()
#37 /opt/lampp/htdocs/magestore/var/generation/Magento/Catalog/Controller/Adminhtml/Category/Save/Interceptor.php(24): Magento\Catalog\Controller\Adminhtml\Category\Save->execute()
#38 /opt/lampp/htdocs/magestore/vendor/magento/framework/App/Action/Action.php(102): Magento\Catalog\Controller\Adminhtml\Category\Save\Interceptor->execute()
#39 /opt/lampp/htdocs/magestore/vendor/magento/module-backend/App/AbstractAction.php(226): Magento\Framework\App\Action\Action->dispatch(Object(Magento\Framework\App\Request\Http))
#40 /opt/lampp/htdocs/magestore/vendor/magento/framework/Interception/Interceptor.php(74): Magento\Backend\App\AbstractAction->dispatch(Object(Magento\Framework\App\Request\Http))
#41 /opt/lampp/htdocs/magestore/vendor/magento/framework/Interception/Chain/Chain.php(70): Magento\Catalog\Controller\Adminhtml\Category\Save\Interceptor->___callParent('dispatch', Array)
#42 /opt/lampp/htdocs/magestore/vendor/magento/framework/Interception/Chain/Chain.php(63): Magento\Framework\Interception\Chain\Chain->invokeNext('Magento\\Catalog...', 'dispatch', Object(Magento\Catalog\Controller\Adminhtml\Category\Save\Interceptor), Array, 'adminAuthentica...')
#43 /opt/lampp/htdocs/magestore/vendor/magento/module-backend/App/Action/Plugin/Authentication.php(143): Magento\Framework\Interception\Chain\Chain->Magento\Framework\Interception\Chain\{closure}(Object(Magento\Framework\App\Request\Http))
#44 /opt/lampp/htdocs/magestore/vendor/magento/framework/Interception/Chain/Chain.php(67): Magento\Backend\App\Action\Plugin\Authentication->aroundDispatch(Object(Magento\Catalog\Controller\Adminhtml\Category\Save\Interceptor), Object(Closure), Object(Magento\Framework\App\Request\Http))
#45 /opt/lampp/htdocs/magestore/vendor/magento/framework/Interception/Interceptor.php(138): Magento\Framework\Interception\Chain\Chain->invokeNext('Magento\\Catalog...', 'dispatch', Object(Magento\Catalog\Controller\Adminhtml\Category\Save\Interceptor), Array, 'adminMassaction...')
#46 /opt/lampp/htdocs/magestore/vendor/magento/module-backend/App/Action/Plugin/MassactionKey.php(33): Magento\Catalog\Controller\Adminhtml\Category\Save\Interceptor->Magento\Framework\Interception\{closure}(Object(Magento\Framework\App\Request\Http))
#47 /opt/lampp/htdocs/magestore/vendor/magento/framework/Interception/Interceptor.php(142): Magento\Backend\App\Action\Plugin\MassactionKey->aroundDispatch(Object(Magento\Catalog\Controller\Adminhtml\Category\Save\Interceptor), Object(Closure), Object(Magento\Framework\App\Request\Http))
#48 /opt/lampp/htdocs/magestore/var/generation/Magento/Catalog/Controller/Adminhtml/Category/Save/Interceptor.php(65): Magento\Catalog\Controller\Adminhtml\Category\Save\Interceptor->___callPlugins('dispatch', Array, Array)
#49 /opt/lampp/htdocs/magestore/vendor/magento/framework/App/FrontController.php(55): Magento\Catalog\Controller\Adminhtml\Category\Save\Interceptor->dispatch(Object(Magento\Framework\App\Request\Http))
#50 /opt/lampp/htdocs/magestore/vendor/magento/framework/Interception/Interceptor.php(74): Magento\Framework\App\FrontController->dispatch(Object(Magento\Framework\App\Request\Http))
#51 /opt/lampp/htdocs/magestore/vendor/magento/framework/Interception/Chain/Chain.php(70): Magento\Framework\App\FrontController\Interceptor->___callParent('dispatch', Array)
#52 /opt/lampp/htdocs/magestore/vendor/magento/framework/Interception/Interceptor.php(138): Magento\Framework\Interception\Chain\Chain->invokeNext('Magento\\Framewo...', 'dispatch', Object(Magento\Framework\App\FrontController\Interceptor), Array, 'install')
#53 /opt/lampp/htdocs/magestore/vendor/magento/framework/Module/Plugin/DbStatusValidator.php(69): Magento\Framework\App\FrontController\Interceptor->Magento\Framework\Interception\{closure}(Object(Magento\Framework\App\Request\Http))
#54 /opt/lampp/htdocs/magestore/vendor/magento/framework/Interception/Interceptor.php(142): Magento\Framework\Module\Plugin\DbStatusValidator->aroundDispatch(Object(Magento\Framework\App\FrontController\Interceptor), Object(Closure), Object(Magento\Framework\App\Request\Http))
#55 /opt/lampp/htdocs/magestore/var/generation/Magento/Framework/App/FrontController/Interceptor.php(26): Magento\Framework\App\FrontController\Interceptor->___callPlugins('dispatch', Array, Array)
#56 /opt/lampp/htdocs/magestore/vendor/magento/framework/App/Http.php(135): Magento\Framework\App\FrontController\Interceptor->dispatch(Object(Magento\Framework\App\Request\Http))
#57 /opt/lampp/htdocs/magestore/vendor/magento/framework/App/Bootstrap.php(258): Magento\Framework\App\Http->launch()
#58 /opt/lampp/htdocs/magestore/index.php(39): Magento\Framework\App\Bootstrap->run(Object(Magento\Framework\App\Http))
#59 {main} [] []
